Build started 19-3-13 13:59:25.
     1>Project "C:\Users\Robrecht\3DVITA\Code\3dvita\3DVITA\3DVITA.vcxproj" on node 2 (build target(s)).
     1>InitializeBuildStatus:
         Creating "Release\3DVITA.unsuccessfulbuild" because "AlwaysCreate" was specified.
       ClCompile:
         c:\Program Files (x86)\Microsoft Visual Studio 10.0\VC\bin\CL.exe /c /I"C:\Users\Robrecht\Libraries\openal-soft\include" /Zi /nologo /W3 /WX- /O2 /Oi /Oy- /GL /D _MBCS /Gm- /EHsc /MD /GS /Gy /fp:precise /Zc:wchar_t /Zc:forScope /Fo"Release\\" /Fd"Release\vc100.pdb" /Gd /TP /analyze- /errorReport:prompt AudioSource.cpp
         AudioSource.cpp
     1>AudioSource.cpp(33): warning C4244: '=' : conversion from 'float' to 'short', possible loss of data
       Link:
         c:\Program Files (x86)\Microsoft Visual Studio 10.0\VC\bin\link.exe /ERRORREPORT:PROMPT /OUT:"C:\Users\Robrecht\3DVITA\Code\3dvita\Release\3DVITA.exe" /NOLOGO /LIBPATH:"C:\Users\Robrecht\Libraries\openal-soft\build\Release" OpenAL32.lib kernel32.lib user32.lib gdi32.lib winspool.lib comdlg32.lib advapi32.lib shell32.lib ole32.lib oleaut32.lib uuid.lib odbc32.lib odbccp32.lib /MANIFEST /ManifestFile:"Release\3DVITA.exe.intermediate.manifest" /MANIFESTUAC:"level='asInvoker' uiAccess='false'" /DEBUG /PDB:"C:\Users\Robrecht\3DVITA\Code\3dvita\Release\3DVITA.pdb" /OPT:REF /OPT:ICF /LTCG /TLBID:1 /DYNAMICBASE /NXCOMPAT /IMPLIB:"C:\Users\Robrecht\3DVITA\Code\3dvita\Release\3DVITA.lib" /MACHINE:X86 Release\AudioSource.obj
         Release\main.obj
         Release\SoundManager.obj
         Generating code
         Finished generating code
         3DVITA.vcxproj -> C:\Users\Robrecht\3DVITA\Code\3dvita\Release\3DVITA.exe
       Manifest:
         C:\Program Files (x86)\Microsoft SDKs\Windows\v7.0A\bin\mt.exe /nologo /verbose /outputresource:"C:\Users\Robrecht\3DVITA\Code\3dvita\Release\3DVITA.exe;#1" /manifest Release\3DVITA.exe.intermediate.manifest
       FinalizeBuildStatus:
         Deleting file "Release\3DVITA.unsuccessfulbuild".
         Touching "Release\3DVITA.lastbuildstate".
     1>Done Building Project "C:\Users\Robrecht\3DVITA\Code\3dvita\3DVITA\3DVITA.vcxproj" (build target(s)).

Build succeeded.

Time Elapsed 00:00:01.68
