Build started 20-3-13 13:32:25.
     1>Project "C:\Users\Robrecht\3DVITA\Code\3dvita\3DVITA\3DVITA.vcxproj" on node 2 (build target(s)).
     1>InitializeBuildStatus:
         Creating "Debug\3DVITA.unsuccessfulbuild" because "AlwaysCreate" was specified.
       ClCompile:
         c:\Program Files (x86)\Microsoft Visual Studio 10.0\VC\bin\CL.exe /c /I"C:\Users\Robrecht\Libraries\openal-soft\include" /ZI /nologo /W3 /WX- /Od /Oy- /D _MBCS /Gm /EHsc /RTC1 /MDd /GS /fp:precise /Zc:wchar_t /Zc:forScope /Fo"Debug\\" /Fd"Debug\vc100.pdb" /Gd /TP /analyze- /errorReport:prompt AudioSource.cpp main.cpp
         main.cpp
     1>c:\users\robrecht\3dvita\code\3dvita\3dvita\main.cpp(17): warning C4244: '=' : conversion from 'int' to 'float', possible loss of data
     1>c:\users\robrecht\3dvita\code\3dvita\3dvita\main.cpp(18): warning C4244: '=' : conversion from 'int' to 'float', possible loss of data
     1>c:\users\robrecht\3dvita\code\3dvita\3dvita\main.cpp(20): warning C4244: '=' : conversion from 'int' to 'float', possible loss of data
         AudioSource.cpp
     1>c:\users\robrecht\3dvita\code\3dvita\3dvita\audiosource.cpp(32): warning C4244: 'initializing' : conversion from 'double' to 'float', possible loss of data
     1>c:\users\robrecht\3dvita\code\3dvita\3dvita\audiosource.cpp(37): warning C4244: '=' : conversion from 'float' to 'short', possible loss of data
         Generating Code...
       Link:
         c:\Program Files (x86)\Microsoft Visual Studio 10.0\VC\bin\link.exe /ERRORREPORT:PROMPT /OUT:"C:\Users\Robrecht\3DVITA\Code\3dvita\Debug\3DVITA.exe" /NOLOGO /LIBPATH:"C:\Users\Robrecht\Libraries\openal-soft\build\Release" OpenAL32.lib kernel32.lib user32.lib gdi32.lib winspool.lib comdlg32.lib advapi32.lib shell32.lib ole32.lib oleaut32.lib uuid.lib odbc32.lib odbccp32.lib /MANIFEST /ManifestFile:"Debug\3DVITA.exe.intermediate.manifest" /MANIFESTUAC:"level='asInvoker' uiAccess='false'" /DEBUG /PDB:"C:\Users\Robrecht\3DVITA\Code\3dvita\Debug\3DVITA.pdb" /TLBID:1 /DYNAMICBASE /NXCOMPAT /IMPLIB:"C:\Users\Robrecht\3DVITA\Code\3dvita\Debug\3DVITA.lib" /MACHINE:X86 Debug\AudioSource.obj
         Debug\main.obj
         Debug\SoundManager.obj
         LINK : C:\Users\Robrecht\3DVITA\Code\3dvita\Debug\3DVITA.exe not found or not built by the last incremental link; performing full link
         3DVITA.vcxproj -> C:\Users\Robrecht\3DVITA\Code\3dvita\Debug\3DVITA.exe
       Manifest:
         C:\Program Files (x86)\Microsoft SDKs\Windows\v7.0A\bin\mt.exe /nologo /verbose /outputresource:"C:\Users\Robrecht\3DVITA\Code\3dvita\Debug\3DVITA.exe;#1" /manifest Debug\3DVITA.exe.intermediate.manifest
       FinalizeBuildStatus:
         Deleting file "Debug\3DVITA.unsuccessfulbuild".
         Touching "Debug\3DVITA.lastbuildstate".
     1>Done Building Project "C:\Users\Robrecht\3DVITA\Code\3dvita\3DVITA\3DVITA.vcxproj" (build target(s)).

Build succeeded.

Time Elapsed 00:00:02.73
